Serverless: Bundling with Webpack...
Log stream created, starting consumption {
  readBatchSize: 5,
  logStreamName: 'consume-queue-execution_1650933215769_local'
}
Fetching messages {
  params: {
    QueueUrl: 'https://sqs.us-east-1.amazonaws.com/995841005563/aws-scraper-cost-optimization-scraping-queue.fifo',
    MaxNumberOfMessages: 5
  }
}
Fetching messages {
  params: {
    QueueUrl: 'https://sqs.us-east-1.amazonaws.com/995841005563/aws-scraper-cost-optimization-scraping-queue.fifo',
    MaxNumberOfMessages: 5
  }
}
Fetching messages {
  params: {
    QueueUrl: 'https://sqs.us-east-1.amazonaws.com/995841005563/aws-scraper-cost-optimization-scraping-queue.fifo',
    MaxNumberOfMessages: 5
  }
}
Queue is empty, waiting to try again { messagesNumber: 0 }
Serverless: Bundling with Webpack...
Log stream created, starting consumption {
  readBatchSize: 5,
  logStreamName: 'consume-queue-execution_1650933296818_local'
}
Fetching messages {
  params: {
    QueueUrl: 'https://sqs.us-east-1.amazonaws.com/995841005563/aws-scraper-cost-optimization-scraping-queue.fifo',
    MaxNumberOfMessages: 5
  }
}
Serverless: Bundling with Webpack...
Log stream created, starting consumption {
  readBatchSize: 5,
  logStreamName: 'consume-queue-execution_1650933321851_local'
}
Fetching messages {
  params: {
    QueueUrl: 'https://sqs.us-east-1.amazonaws.com/995841005563/aws-scraper-cost-optimization-scraping-queue.fifo',
    MaxNumberOfMessages: 5
  }
}
Fetching messages {
  params: {
    QueueUrl: 'https://sqs.us-east-1.amazonaws.com/995841005563/aws-scraper-cost-optimization-scraping-queue.fifo',
    MaxNumberOfMessages: 5
  }
}
Fetching messages {
  params: {
    QueueUrl: 'https://sqs.us-east-1.amazonaws.com/995841005563/aws-scraper-cost-optimization-scraping-queue.fifo',
    MaxNumberOfMessages: 5
  }
}
Queue is empty, waiting to try again { messagesNumber: 0 }
